<?xml version="1.0" encoding="UTF-8"?>
<testsuite xmlns:xsi="http://www.w3.org/2001/XMLSchema-instance" xsi:noNamespaceSchemaLocation="https://maven.apache.org/surefire/maven-surefire-plugin/xsd/surefire-test-report.xsd" name="com.xhh.company.CompanyTest" time="0.009" tests="1" errors="1" skipped="0" failures="0">
  <properties>
[...]
</properties>
  <testcase name="text" classname="com.xhh.company.CompanyTest" time="0.003">
    <error type="java.lang.NullPointerException">java.lang.NullPointerException
	at com.xhh.company.CompanyTest.text(CompanyTest.java:22)
</error>
  </testcase>
</testsuite>